<?xml version="1.0" encoding="UTF-8"?>
<testng-results skipped="0" failed="0" total="1" passed="1">
  <reporter-output>
  </reporter-output>
  <suite name="CustommadeSuite" duration-ms="12810" started-at="2014-06-18T05:45:06Z" finished-at="2014-06-18T05:45:19Z">
    <groups>
    </groups>
    <test name="Firefox" duration-ms="12810" started-at="2014-06-18T05:45:06Z" finished-at="2014-06-18T05:45:19Z">
      <class name="com.custommade.tests.SampleTest">
        <test-method status="PASS" signature="setUp(java.lang.String, java.lang.String, java.lang.String, java.lang.String, java.lang.String, java.lang.String, java.lang.String)[pri:0, instance:com.custommade.tests.SampleTest@64c9a946]" name="setUp" is-config="true" duration-ms="10706" started-at="2014-06-18T11:15:06Z" finished-at="2014-06-18T11:15:17Z">
          <params>
            <param index="0">
              <value>
                <![CDATA[firefox]]>
              </value>
            </param>
            <param index="1">
              <value>
                <![CDATA[testera777]]>
              </value>
            </param>
            <param index="2">
              <value>
                <![CDATA[ef50b251-ed9a-4408-943d-32ae1fc272e0]]>
              </value>
            </param>
            <param index="3">
              <value>
                <![CDATA[Windows 2008]]>
              </value>
            </param>
            <param index="4">
              <value>
                <![CDATA[19]]>
              </value>
            </param>
            <param index="5">
              <value>
                <![CDATA[@ondemand.saucelabs.com:80/wd/hub]]>
              </value>
            </param>
            <param index="6">
              <value>
                <![CDATA[Capability Training (Firefox)]]>
              </value>
            </param>
          </params>
          <reporter-output>
          </reporter-output>
        </test-method> <!-- setUp -->
        <test-method status="PASS" signature="sampleTest()[pri:0, instance:com.custommade.tests.SampleTest@64c9a946]" name="sampleTest" duration-ms="1693" started-at="2014-06-18T11:15:17Z" finished-at="2014-06-18T11:15:18Z">
          <reporter-output>
          </reporter-output>
        </test-method> <!-- sampleTest -->
        <test-method status="PASS" signature="tearDown()[pri:0, instance:com.custommade.tests.SampleTest@64c9a946]" name="tearDown" is-config="true" duration-ms="397" started-at="2014-06-18T11:15:18Z" finished-at="2014-06-18T11:15:19Z">
          <reporter-output>
          </reporter-output>
        </test-method> <!-- tearDown -->
      </class> <!-- com.custommade.tests.SampleTest -->
    </test> <!-- Firefox -->
  </suite> <!-- CustommadeSuite -->
</testng-results>
